  main.cpp
c:\users\administrador\desktop\dev\projetos\c++\visual studio\fswap\fswap\main.cpp(102): error C2065: 'facialLandmarks1': undeclared identifier
c:\users\administrador\desktop\dev\projetos\c++\visual studio\fswap\fswap\main.cpp(102): error C2228: left of '.push_back' must have class/struct/union
  c:\users\administrador\desktop\dev\projetos\c++\visual studio\fswap\fswap\main.cpp(102): note: type is 'unknown-type'
c:\users\administrador\desktop\dev\projetos\c++\visual studio\fswap\fswap\main.cpp(102): error C2065: 'shapes': undeclared identifier
c:\users\administrador\desktop\dev\projetos\c++\visual studio\fswap\fswap\main.cpp(102): error C2228: left of '.part' must have class/struct/union
c:\users\administrador\desktop\dev\projetos\c++\visual studio\fswap\fswap\main.cpp(102): error C2228: left of '.x' must have class/struct/union
c:\users\administrador\desktop\dev\projetos\c++\visual studio\fswap\fswap\main.cpp(102): error C2228: left of '.y' must have class/struct/union
c:\users\administrador\desktop\dev\projetos\c++\visual studio\fswap\fswap\main.cpp(102): error C3861: 'Point2f': identifier not found
c:\users\administrador\desktop\dev\projetos\c++\visual studio\fswap\fswap\main.cpp(103): error C2065: 'facialLandmarks2': undeclared identifier
c:\users\administrador\desktop\dev\projetos\c++\visual studio\fswap\fswap\main.cpp(103): error C2228: left of '.push_back' must have class/struct/union
  c:\users\administrador\desktop\dev\projetos\c++\visual studio\fswap\fswap\main.cpp(103): note: type is 'unknown-type'
c:\users\administrador\desktop\dev\projetos\c++\visual studio\fswap\fswap\main.cpp(103): error C2065: 'shapes': undeclared identifier
c:\users\administrador\desktop\dev\projetos\c++\visual studio\fswap\fswap\main.cpp(103): error C2228: left of '.part' must have class/struct/union
c:\users\administrador\desktop\dev\projetos\c++\visual studio\fswap\fswap\main.cpp(103): error C2228: left of '.x' must have class/struct/union
c:\users\administrador\desktop\dev\projetos\c++\visual studio\fswap\fswap\main.cpp(103): error C2228: left of '.y' must have class/struct/union
c:\users\administrador\desktop\dev\projetos\c++\visual studio\fswap\fswap\main.cpp(103): error C3861: 'Point2f': identifier not found
c:\users\administrador\desktop\dev\projetos\c++\visual studio\fswap\fswap\main.cpp(106): error C2065: 'originalFrame': undeclared identifier
c:\users\administrador\desktop\dev\projetos\c++\visual studio\fswap\fswap\main.cpp(106): error C2228: left of '.convertTo' must have class/struct/union
  c:\users\administrador\desktop\dev\projetos\c++\visual studio\fswap\fswap\main.cpp(106): note: type is 'unknown-type'
c:\users\administrador\desktop\dev\projetos\c++\visual studio\fswap\fswap\main.cpp(106): error C2065: 'CV_32F': undeclared identifier
c:\users\administrador\desktop\dev\projetos\c++\visual studio\fswap\fswap\main.cpp(107): error C2065: 'img1Warped': undeclared identifier
c:\users\administrador\desktop\dev\projetos\c++\visual studio\fswap\fswap\main.cpp(107): error C2228: left of '.convertTo' must have class/struct/union
  c:\users\administrador\desktop\dev\projetos\c++\visual studio\fswap\fswap\main.cpp(107): note: type is 'unknown-type'
c:\users\administrador\desktop\dev\projetos\c++\visual studio\fswap\fswap\main.cpp(107): error C2065: 'CV_32F': undeclared identifier
c:\users\administrador\desktop\dev\projetos\c++\visual studio\fswap\fswap\main.cpp(110): error C2065: 'Point2f': undeclared identifier
c:\users\administrador\desktop\dev\projetos\c++\visual studio\fswap\fswap\main.cpp(110): error C2923: 'std::vector': 'Point2f' is not a valid template type argument for parameter '_Ty'
c:\users\administrador\desktop\dev\projetos\c++\visual studio\fswap\fswap\main.cpp(110): error C3203: 'allocator': unspecialized class template can't be used as a template argument for template parameter '_Alloc', expected a real type
c:\users\administrador\desktop\dev\projetos\c++\visual studio\fswap\fswap\main.cpp(110): error C2133: 'hull1': unknown size
c:\users\administrador\desktop\dev\projetos\c++\visual studio\fswap\fswap\main.cpp(110): error C2512: 'std::vector': no appropriate default constructor available
  c:\program files (x86)\microsoft visual studio 14.0\vc\include\vector(679): note: see declaration of 'std::vector'
c:\users\administrador\desktop\dev\projetos\c++\visual studio\fswap\fswap\main.cpp(112): error C2065: 'Point2f': undeclared identifier
c:\users\administrador\desktop\dev\projetos\c++\visual studio\fswap\fswap\main.cpp(112): error C2923: 'std::vector': 'Point2f' is not a valid template type argument for parameter '_Ty'
c:\users\administrador\desktop\dev\projetos\c++\visual studio\fswap\fswap\main.cpp(112): error C3203: 'allocator': unspecialized class template can't be used as a template argument for template parameter '_Alloc', expected a real type
c:\users\administrador\desktop\dev\projetos\c++\visual studio\fswap\fswap\main.cpp(112): error C2133: 'hull2': unknown size
c:\users\administrador\desktop\dev\projetos\c++\visual studio\fswap\fswap\main.cpp(112): error C2512: 'std::vector': no appropriate default constructor available
  c:\program files (x86)\microsoft visual studio 14.0\vc\include\vector(679): note: see declaration of 'std::vector'
c:\users\administrador\desktop\dev\projetos\c++\visual studio\fswap\fswap\main.cpp(117): error C2065: 'facialLandmarks2': undeclared identifier
c:\users\administrador\desktop\dev\projetos\c++\visual studio\fswap\fswap\main.cpp(117): error C3861: 'convexHull': identifier not found
c:\users\administrador\desktop\dev\projetos\c++\visual studio\fswap\fswap\main.cpp(119): warning C4018: '<': signed/unsigned mismatch
c:\users\administrador\desktop\dev\projetos\c++\visual studio\fswap\fswap\main.cpp(122): error C2065: 'facialLandmarks1': undeclared identifier
c:\users\administrador\desktop\dev\projetos\c++\visual studio\fswap\fswap\main.cpp(122): error C2663: 'std::vector<_Ty,_Alloc>::push_back': 2 overloads have no legal conversion for 'this' pointer
c:\users\administrador\desktop\dev\projetos\c++\visual studio\fswap\fswap\main.cpp(123): error C2065: 'facialLandmarks2': undeclared identifier
c:\users\administrador\desktop\dev\projetos\c++\visual studio\fswap\fswap\main.cpp(123): error C2663: 'std::vector<_Ty,_Alloc>::push_back': 2 overloads have no legal conversion for 'this' pointer
c:\users\administrador\desktop\dev\projetos\c++\visual studio\fswap\fswap\main.cpp(128): error C2065: 'Rect': undeclared identifier
c:\users\administrador\desktop\dev\projetos\c++\visual studio\fswap\fswap\main.cpp(128): error C2146: syntax error: missing ';' before identifier 'rect'
c:\users\administrador\desktop\dev\projetos\c++\visual studio\fswap\fswap\main.cpp(128): error C2065: 'originalFrame': undeclared identifier
c:\users\administrador\desktop\dev\projetos\c++\visual studio\fswap\fswap\main.cpp(128): error C2228: left of '.cols' must have class/struct/union
  c:\users\administrador\desktop\dev\projetos\c++\visual studio\fswap\fswap\main.cpp(128): note: type is 'unknown-type'
c:\users\administrador\desktop\dev\projetos\c++\visual studio\fswap\fswap\main.cpp(128): error C2228: left of '.rows' must have class/struct/union
  c:\users\administrador\desktop\dev\projetos\c++\visual studio\fswap\fswap\main.cpp(128): note: type is 'unknown-type'
c:\users\administrador\desktop\dev\projetos\c++\visual studio\fswap\fswap\main.cpp(128): error C3861: 'rect': identifier not found
c:\users\administrador\desktop\dev\projetos\c++\visual studio\fswap\fswap\main.cpp(129): error C2065: 'rect': undeclared identifier
c:\users\administrador\desktop\dev\projetos\c++\visual studio\fswap\fswap\main.cpp(129): error C3861: 'calculateDelaunayTriangles': identifier not found
c:\users\administrador\desktop\dev\projetos\c++\visual studio\fswap\fswap\main.cpp(135): error C2065: 'Point2f': undeclared identifier
c:\users\administrador\desktop\dev\projetos\c++\visual studio\fswap\fswap\main.cpp(135): error C2923: 'std::vector': 'Point2f' is not a valid template type argument for parameter '_Ty'
c:\users\administrador\desktop\dev\projetos\c++\visual studio\fswap\fswap\main.cpp(135): error C3203: 'allocator': unspecialized class template can't be used as a template argument for template parameter '_Alloc', expected a real type
c:\users\administrador\desktop\dev\projetos\c++\visual studio\fswap\fswap\main.cpp(135): error C2133: 't1': unknown size
c:\users\administrador\desktop\dev\projetos\c++\visual studio\fswap\fswap\main.cpp(135): error C2512: 'std::vector': no appropriate default constructor available
  c:\program files (x86)\microsoft visual studio 14.0\vc\include\vector(679): note: see declaration of 'std::vector'
c:\users\administrador\desktop\dev\projetos\c++\visual studio\fswap\fswap\main.cpp(135): error C2133: 't2': unknown size
c:\users\administrador\desktop\dev\projetos\c++\visual studio\fswap\fswap\main.cpp(139): error C2678: binary '[': no operator found which takes a left-hand operand of type 'std::vector' (or there is no acceptable conversion)
  c:\program files (x86)\microsoft visual studio 14.0\vc\include\vector(1229): note: could be '_Vector_alloc<std::_Vec_base_types<_Ty,_Alloc_types::_Alloc>>::reference std::vector<_Ty,_Alloc>::operator [](_Vector_alloc<std::_Vec_base_types<_Ty,_Alloc_types::_Alloc>>::size_type)'
  c:\program files (x86)\microsoft visual studio 14.0\vc\include\vector(1213): note: or       '_Vector_alloc<std::_Vec_base_types<_Ty,_Alloc_types::_Alloc>>::const_reference std::vector<_Ty,_Alloc>::operator [](_Vector_alloc<std::_Vec_base_types<_Ty,_Alloc_types::_Alloc>>::size_type) const'
  c:\users\administrador\desktop\dev\projetos\c++\visual studio\fswap\fswap\main.cpp(139): note: while trying to match the argument list '(std::vector, int)'
c:\users\administrador\desktop\dev\projetos\c++\visual studio\fswap\fswap\main.cpp(139): error C2663: 'std::vector<_Ty,_Alloc>::push_back': 2 overloads have no legal conversion for 'this' pointer
c:\users\administrador\desktop\dev\projetos\c++\visual studio\fswap\fswap\main.cpp(140): error C2678: binary '[': no operator found which takes a left-hand operand of type 'std::vector' (or there is no acceptable conversion)
  c:\program files (x86)\microsoft visual studio 14.0\vc\include\vector(1229): note: could be '_Vector_alloc<std::_Vec_base_types<_Ty,_Alloc_types::_Alloc>>::reference std::vector<_Ty,_Alloc>::operator [](_Vector_alloc<std::_Vec_base_types<_Ty,_Alloc_types::_Alloc>>::size_type)'
  c:\program files (x86)\microsoft visual studio 14.0\vc\include\vector(1213): note: or       '_Vector_alloc<std::_Vec_base_types<_Ty,_Alloc_types::_Alloc>>::const_reference std::vector<_Ty,_Alloc>::operator [](_Vector_alloc<std::_Vec_base_types<_Ty,_Alloc_types::_Alloc>>::size_type) const'
  c:\users\administrador\desktop\dev\projetos\c++\visual studio\fswap\fswap\main.cpp(140): note: while trying to match the argument list '(std::vector, int)'
c:\users\administrador\desktop\dev\projetos\c++\visual studio\fswap\fswap\main.cpp(140): error C2663: 'std::vector<_Ty,_Alloc>::push_back': 2 overloads have no legal conversion for 'this' pointer
c:\users\administrador\desktop\dev\projetos\c++\visual studio\fswap\fswap\main.cpp(143): error C2065: 'originalFrame': undeclared identifier
c:\users\administrador\desktop\dev\projetos\c++\visual studio\fswap\fswap\main.cpp(143): error C2065: 'img1Warped': undeclared identifier
c:\users\administrador\desktop\dev\projetos\c++\visual studio\fswap\fswap\main.cpp(143): error C3861: 'warpTriangle': identifier not found
c:\users\administrador\desktop\dev\projetos\c++\visual studio\fswap\fswap\main.cpp(147): error C2065: 'Point': undeclared identifier
c:\users\administrador\desktop\dev\projetos\c++\visual studio\fswap\fswap\main.cpp(147): error C2923: 'std::vector': 'Point' is not a valid template type argument for parameter '_Ty'
c:\users\administrador\desktop\dev\projetos\c++\visual studio\fswap\fswap\main.cpp(147): error C3203: 'allocator': unspecialized class template can't be used as a template argument for template parameter '_Alloc', expected a real type
c:\users\administrador\desktop\dev\projetos\c++\visual studio\fswap\fswap\main.cpp(147): error C2133: 'hull8U': unknown size
c:\users\administrador\desktop\dev\projetos\c++\visual studio\fswap\fswap\main.cpp(147): error C2512: 'std::vector': no appropriate default constructor available
  c:\program files (x86)\microsoft visual studio 14.0\vc\include\vector(679): note: see declaration of 'std::vector'
c:\users\administrador\desktop\dev\projetos\c++\visual studio\fswap\fswap\main.cpp(148): error C2662: '_Vector_alloc<std::_Vec_base_types<_Ty,_Alloc_types::_Alloc>>::size_type std::vector<_Ty,_Alloc>::size(void) noexcept const': cannot convert 'this' pointer from 'std::vector' to 'const std::vector<_Ty,_Alloc> &'
  c:\users\administrador\desktop\dev\projetos\c++\visual studio\fswap\fswap\main.cpp(148): note: Reason: cannot convert from 'std::vector' to 'const std::vector<_Ty,_Alloc>'
  c:\users\administrador\desktop\dev\projetos\c++\visual studio\fswap\fswap\main.cpp(148): note: Conversion requires a second user-defined-conversion operator or constructor
c:\users\administrador\desktop\dev\projetos\c++\visual studio\fswap\fswap\main.cpp(150): error C2065: 'Point': undeclared identifier
c:\users\administrador\desktop\dev\projetos\c++\visual studio\fswap\fswap\main.cpp(150): error C2146: syntax error: missing ';' before identifier 'pt'
c:\users\administrador\desktop\dev\projetos\c++\visual studio\fswap\fswap\main.cpp(150): error C2678: binary '[': no operator found which takes a left-hand operand of type 'std::vector' (or there is no acceptable conversion)
  c:\program files (x86)\microsoft visual studio 14.0\vc\include\vector(1229): note: could be '_Vector_alloc<std::_Vec_base_types<_Ty,_Alloc_types::_Alloc>>::reference std::vector<_Ty,_Alloc>::operator [](_Vector_alloc<std::_Vec_base_types<_Ty,_Alloc_types::_Alloc>>::size_type)'
  c:\program files (x86)\microsoft visual studio 14.0\vc\include\vector(1213): note: or       '_Vector_alloc<std::_Vec_base_types<_Ty,_Alloc_types::_Alloc>>::const_reference std::vector<_Ty,_Alloc>::operator [](_Vector_alloc<std::_Vec_base_types<_Ty,_Alloc_types::_Alloc>>::size_type) const'
  c:\users\administrador\desktop\dev\projetos\c++\visual studio\fswap\fswap\main.cpp(150): note: while trying to match the argument list '(std::vector, int)'
c:\users\administrador\desktop\dev\projetos\c++\visual studio\fswap\fswap\main.cpp(150): error C2228: left of '.x' must have class/struct/union
c:\users\administrador\desktop\dev\projetos\c++\visual studio\fswap\fswap\main.cpp(150): error C2088: '[': illegal for class
c:\users\administrador\desktop\dev\projetos\c++\visual studio\fswap\fswap\main.cpp(150): error C2228: left of '.y' must have class/struct/union
c:\users\administrador\desktop\dev\projetos\c++\visual studio\fswap\fswap\main.cpp(150): error C3861: 'pt': identifier not found
c:\users\administrador\desktop\dev\projetos\c++\visual studio\fswap\fswap\main.cpp(151): error C2065: 'pt': undeclared identifier
c:\users\administrador\desktop\dev\projetos\c++\visual studio\fswap\fswap\main.cpp(154): error C2065: 'img1Warped': undeclared identifier
c:\users\administrador\desktop\dev\projetos\c++\visual studio\fswap\fswap\main.cpp(154): error C2228: left of '.convertTo' must have class/struct/union
  c:\users\administrador\desktop\dev\projetos\c++\visual studio\fswap\fswap\main.cpp(154): note: type is 'unknown-type'
c:\users\administrador\desktop\dev\projetos\c++\visual studio\fswap\fswap\main.cpp(154): error C2065: 'CV_8UC3': undeclared identifier
c:\users\administrador\desktop\dev\projetos\c++\visual studio\fswap\fswap\main.cpp(155): error C2065: 'originalFrame': undeclared identifier
c:\users\administrador\desktop\dev\projetos\c++\visual studio\fswap\fswap\main.cpp(155): error C2228: left of '.convertTo' must have class/struct/union
  c:\users\administrador\desktop\dev\projetos\c++\visual studio\fswap\fswap\main.cpp(155): note: type is 'unknown-type'
c:\users\administrador\desktop\dev\projetos\c++\visual studio\fswap\fswap\main.cpp(155): error C2065: 'CV_8UC3': undeclared identifier
c:\users\administrador\desktop\dev\projetos\c++\visual studio\fswap\fswap\main.cpp(156): error C2065: 'Mat': undeclared identifier
c:\users\administrador\desktop\dev\projetos\c++\visual studio\fswap\fswap\main.cpp(156): error C2146: syntax error: missing ';' before identifier 'mask'
c:\users\administrador\desktop\dev\projetos\c++\visual studio\fswap\fswap\main.cpp(156): error C2065: 'mask': undeclared identifier
c:\users\administrador\desktop\dev\projetos\c++\visual studio\fswap\fswap\main.cpp(156): error C2653: 'Mat': is not a class or namespace name
c:\users\administrador\desktop\dev\projetos\c++\visual studio\fswap\fswap\main.cpp(156): error C2065: 'img1Warped': undeclared identifier
c:\users\administrador\desktop\dev\projetos\c++\visual studio\fswap\fswap\main.cpp(156): error C2228: left of '.rows' must have class/struct/union
  c:\users\administrador\desktop\dev\projetos\c++\visual studio\fswap\fswap\main.cpp(156): note: type is 'unknown-type'
c:\users\administrador\desktop\dev\projetos\c++\visual studio\fswap\fswap\main.cpp(156): error C2228: left of '.cols' must have class/struct/union
  c:\users\administrador\desktop\dev\projetos\c++\visual studio\fswap\fswap\main.cpp(156): note: type is 'unknown-type'
c:\users\administrador\desktop\dev\projetos\c++\visual studio\fswap\fswap\main.cpp(156): error C2228: left of '.depth' must have class/struct/union
  c:\users\administrador\desktop\dev\projetos\c++\visual studio\fswap\fswap\main.cpp(156): note: type is 'unknown-type'
c:\users\administrador\desktop\dev\projetos\c++\visual studio\fswap\fswap\main.cpp(156): error C3861: 'zeros': identifier not found
c:\users\administrador\desktop\dev\projetos\c++\visual studio\fswap\fswap\main.cpp(157): error C2065: 'mask': undeclared identifier
c:\users\administrador\desktop\dev\projetos\c++\visual studio\fswap\fswap\main.cpp(157): error C2678: binary '[': no operator found which takes a left-hand operand of type 'std::vector' (or there is no acceptable conversion)
  c:\program files (x86)\microsoft visual studio 14.0\vc\include\vector(1229): note: could be '_Vector_alloc<std::_Vec_base_types<_Ty,_Alloc_types::_Alloc>>::reference std::vector<_Ty,_Alloc>::operator [](_Vector_alloc<std::_Vec_base_types<_Ty,_Alloc_types::_Alloc>>::size_type)'
  c:\program files (x86)\microsoft visual studio 14.0\vc\include\vector(1213): note: or       '_Vector_alloc<std::_Vec_base_types<_Ty,_Alloc_types::_Alloc>>::const_reference std::vector<_Ty,_Alloc>::operator [](_Vector_alloc<std::_Vec_base_types<_Ty,_Alloc_types::_Alloc>>::size_type) const'
  c:\users\administrador\desktop\dev\projetos\c++\visual studio\fswap\fswap\main.cpp(157): note: while trying to match the argument list '(std::vector, int)'
c:\users\administrador\desktop\dev\projetos\c++\visual studio\fswap\fswap\main.cpp(157): error C2662: '_Vector_alloc<std::_Vec_base_types<_Ty,_Alloc_types::_Alloc>>::size_type std::vector<_Ty,_Alloc>::size(void) noexcept const': cannot convert 'this' pointer from 'std::vector' to 'const std::vector<_Ty,_Alloc> &'
  c:\users\administrador\desktop\dev\projetos\c++\visual studio\fswap\fswap\main.cpp(157): note: Reason: cannot convert from 'std::vector' to 'const std::vector<_Ty,_Alloc>'
  c:\users\administrador\desktop\dev\projetos\c++\visual studio\fswap\fswap\main.cpp(157): note: Conversion requires a second user-defined-conversion operator or constructor
c:\users\administrador\desktop\dev\projetos\c++\visual studio\fswap\fswap\main.cpp(157): error C3861: 'Scalar': identifier not found
c:\users\administrador\desktop\dev\projetos\c++\visual studio\fswap\fswap\main.cpp(157): error C3861: 'fillConvexPoly': identifier not found
c:\users\administrador\desktop\dev\projetos\c++\visual studio\fswap\fswap\main.cpp(160): error C2065: 'Rect': undeclared identifier
c:\users\administrador\desktop\dev\projetos\c++\visual studio\fswap\fswap\main.cpp(160): error C2146: syntax error: missing ';' before identifier 'r'
c:\users\administrador\desktop\dev\projetos\c++\visual studio\fswap\fswap\main.cpp(160): error C2065: 'r': undeclared identifier
c:\users\administrador\desktop\dev\projetos\c++\visual studio\fswap\fswap\main.cpp(160): error C3861: 'boundingRect': identifier not found
c:\users\administrador\desktop\dev\projetos\c++\visual studio\fswap\fswap\main.cpp(161): error C2065: 'Point': undeclared identifier
c:\users\administrador\desktop\dev\projetos\c++\visual studio\fswap\fswap\main.cpp(161): error C2146: syntax error: missing ';' before identifier 'center'
c:\users\administrador\desktop\dev\projetos\c++\visual studio\fswap\fswap\main.cpp(161): error C2065: 'r': undeclared identifier
c:\users\administrador\desktop\dev\projetos\c++\visual studio\fswap\fswap\main.cpp(161): error C2228: left of '.x' must have class/struct/union
  c:\users\administrador\desktop\dev\projetos\c++\visual studio\fswap\fswap\main.cpp(161): note: type is 'unknown-type'
c:\users\administrador\desktop\dev\projetos\c++\visual studio\fswap\fswap\main.cpp(161): error C2228: left of '.width' must have class/struct/union
  c:\users\administrador\desktop\dev\projetos\c++\visual studio\fswap\fswap\main.cpp(161): note: type is 'unknown-type'
c:\users\administrador\desktop\dev\projetos\c++\visual studio\fswap\fswap\main.cpp(161): error C2228: left of '.y' must have class/struct/union
c:\users\administrador\desktop\dev\projetos\c++\visual studio\fswap\fswap\main.cpp(161): fatal error C1003: error count exceeds 100; stopping compilation
